Determining if the pthread_create exist failed with the following output:
Change Dir: /home/rafael/Documentos/Mestrado/Materias/Redes-de-Computadores-v2/Trabalhos/C++/rathed/cmake-build-debug/CMakeFiles/CMakeTmp

Run Build Command:"/usr/bin/make" "cmTC_11abc/fast"
/usr/bin/make -f CMakeFiles/cmTC_11abc.dir/build.make CMakeFiles/cmTC_11abc.dir/build
make[1]: Entering directory '/home/rafael/Documentos/Mestrado/Materias/Redes-de-Computadores-v2/Trabalhos/C++/rathed/cmake-build-debug/CMakeFiles/CMakeTmp'
Building C object CMakeFiles/cmTC_11abc.dir/CheckSymbolExists.c.o
/usr/bin/cc    -o CMakeFiles/cmTC_11abc.dir/CheckSymbolExists.c.o   -c /home/rafael/Documentos/Mestrado/Materias/Redes-de-Computadores-v2/Trabalhos/C++/rathed/cmake-build-debug/CMakeFiles/CMakeTmp/CheckSymbolExists.c
Linking C executable cmTC_11abc
/opt/clion/bin/cmake/linux/bin/cmake -E cmake_link_script CMakeFiles/cmTC_11abc.dir/link.txt --verbose=1
/usr/bin/cc      CMakeFiles/cmTC_11abc.dir/CheckSymbolExists.c.o  -o cmTC_11abc 
/usr/bin/ld: CMakeFiles/cmTC_11abc.dir/CheckSymbolExists.c.o: na função "main":
CheckSymbolExists.c:(.text+0x1b): referência não definida para "pthread_create"
collect2: error: ld returned 1 exit status
make[1]: *** [CMakeFiles/cmTC_11abc.dir/build.make:87: cmTC_11abc] Error 1
make[1]: Leaving directory '/home/rafael/Documentos/Mestrado/Materias/Redes-de-Computadores-v2/Trabalhos/C++/rathed/cmake-build-debug/CMakeFiles/CMakeTmp'
make: *** [Makefile:121: cmTC_11abc/fast] Error 2

File /home/rafael/Documentos/Mestrado/Materias/Redes-de-Computadores-v2/Trabalhos/C++/rathed/cmake-build-debug/CMakeFiles/CMakeTmp/CheckSymbolExists.c:
/* */
#include <pthread.h>

int main(int argc, char** argv)
{
  (void)argv;
#ifndef pthread_create
  return ((int*)(&pthread_create))[argc];
#else
  (void)argc;
  return 0;
#endif
}

Determining if the function pthread_create exists in the pthreads failed with the following output:
Change Dir: /home/rafael/Documentos/Mestrado/Materias/Redes-de-Computadores-v2/Trabalhos/C++/rathed/cmake-build-debug/CMakeFiles/CMakeTmp

Run Build Command:"/usr/bin/make" "cmTC_ba479/fast"
/usr/bin/make -f CMakeFiles/cmTC_ba479.dir/build.make CMakeFiles/cmTC_ba479.dir/build
make[1]: Entering directory '/home/rafael/Documentos/Mestrado/Materias/Redes-de-Computadores-v2/Trabalhos/C++/rathed/cmake-build-debug/CMakeFiles/CMakeTmp'
Building C object CMakeFiles/cmTC_ba479.dir/CheckFunctionExists.c.o
/usr/bin/cc   -DCHECK_FUNCTION_EXISTS=pthread_create   -o CMakeFiles/cmTC_ba479.dir/CheckFunctionExists.c.o   -c /opt/clion/bin/cmake/linux/share/cmake-3.13/Modules/CheckFunctionExists.c
Linking C executable cmTC_ba479
/opt/clion/bin/cmake/linux/bin/cmake -E cmake_link_script CMakeFiles/cmTC_ba479.dir/link.txt --verbose=1
/usr/bin/cc  -DCHECK_FUNCTION_EXISTS=pthread_create    CMakeFiles/cmTC_ba479.dir/CheckFunctionExists.c.o  -o cmTC_ba479 -lpthreads 
/usr/bin/ld: não foi possível localizar -lpthreads
collect2: error: ld returned 1 exit status
make[1]: *** [CMakeFiles/cmTC_ba479.dir/build.make:87: cmTC_ba479] Error 1
make[1]: Leaving directory '/home/rafael/Documentos/Mestrado/Materias/Redes-de-Computadores-v2/Trabalhos/C++/rathed/cmake-build-debug/CMakeFiles/CMakeTmp'
make: *** [Makefile:121: cmTC_ba479/fast] Error 2


