Determining if the pthread_create exist failed with the following output:
Change Dir: /home/rafael/Documentos/Mestrado/Materias/Redes-de-Computadores-v2/Trabalhos/C++/rathed_leecher/cmake-build-debug/CMakeFiles/CMakeTmp

Run Build Command:"/usr/bin/make" "cmTC_aef3b/fast"
/usr/bin/make -f CMakeFiles/cmTC_aef3b.dir/build.make CMakeFiles/cmTC_aef3b.dir/build
make[1]: Entering directory '/home/rafael/Documentos/Mestrado/Materias/Redes-de-Computadores-v2/Trabalhos/C++/rathed_leecher/cmake-build-debug/CMakeFiles/CMakeTmp'
Building C object CMakeFiles/cmTC_aef3b.dir/CheckSymbolExists.c.o
/usr/bin/cc    -o CMakeFiles/cmTC_aef3b.dir/CheckSymbolExists.c.o   -c /home/rafael/Documentos/Mestrado/Materias/Redes-de-Computadores-v2/Trabalhos/C++/rathed_leecher/cmake-build-debug/CMakeFiles/CMakeTmp/CheckSymbolExists.c
Linking C executable cmTC_aef3b
/opt/clion/bin/cmake/linux/bin/cmake -E cmake_link_script CMakeFiles/cmTC_aef3b.dir/link.txt --verbose=1
/usr/bin/cc      CMakeFiles/cmTC_aef3b.dir/CheckSymbolExists.c.o  -o cmTC_aef3b 
/usr/bin/ld: CMakeFiles/cmTC_aef3b.dir/CheckSymbolExists.c.o: na função "main":
CheckSymbolExists.c:(.text+0x1b): referência não definida para "pthread_create"
collect2: error: ld returned 1 exit status
make[1]: *** [CMakeFiles/cmTC_aef3b.dir/build.make:87: cmTC_aef3b] Error 1
make[1]: Leaving directory '/home/rafael/Documentos/Mestrado/Materias/Redes-de-Computadores-v2/Trabalhos/C++/rathed_leecher/cmake-build-debug/CMakeFiles/CMakeTmp'
make: *** [Makefile:121: cmTC_aef3b/fast] Error 2

File /home/rafael/Documentos/Mestrado/Materias/Redes-de-Computadores-v2/Trabalhos/C++/rathed_leecher/cmake-build-debug/CMakeFiles/CMakeTmp/CheckSymbolExists.c:
/* */
#include <pthread.h>

int main(int argc, char** argv)
{
  (void)argv;
#ifndef pthread_create
  return ((int*)(&pthread_create))[argc];
#else
  (void)argc;
  return 0;
#endif
}

Determining if the function pthread_create exists in the pthreads failed with the following output:
Change Dir: /home/rafael/Documentos/Mestrado/Materias/Redes-de-Computadores-v2/Trabalhos/C++/rathed_leecher/cmake-build-debug/CMakeFiles/CMakeTmp

Run Build Command:"/usr/bin/make" "cmTC_cd79c/fast"
/usr/bin/make -f CMakeFiles/cmTC_cd79c.dir/build.make CMakeFiles/cmTC_cd79c.dir/build
make[1]: Entering directory '/home/rafael/Documentos/Mestrado/Materias/Redes-de-Computadores-v2/Trabalhos/C++/rathed_leecher/cmake-build-debug/CMakeFiles/CMakeTmp'
Building C object CMakeFiles/cmTC_cd79c.dir/CheckFunctionExists.c.o
/usr/bin/cc   -DCHECK_FUNCTION_EXISTS=pthread_create   -o CMakeFiles/cmTC_cd79c.dir/CheckFunctionExists.c.o   -c /opt/clion/bin/cmake/linux/share/cmake-3.13/Modules/CheckFunctionExists.c
Linking C executable cmTC_cd79c
/opt/clion/bin/cmake/linux/bin/cmake -E cmake_link_script CMakeFiles/cmTC_cd79c.dir/link.txt --verbose=1
/usr/bin/cc  -DCHECK_FUNCTION_EXISTS=pthread_create    CMakeFiles/cmTC_cd79c.dir/CheckFunctionExists.c.o  -o cmTC_cd79c -lpthreads 
/usr/bin/ld: não foi possível localizar -lpthreads
collect2: error: ld returned 1 exit status
make[1]: *** [CMakeFiles/cmTC_cd79c.dir/build.make:87: cmTC_cd79c] Error 1
make[1]: Leaving directory '/home/rafael/Documentos/Mestrado/Materias/Redes-de-Computadores-v2/Trabalhos/C++/rathed_leecher/cmake-build-debug/CMakeFiles/CMakeTmp'
make: *** [Makefile:121: cmTC_cd79c/fast] Error 2


